{"C:\\Users\\maris\\OneDrive\\Desktop\\sweetshop\\sweetshop-backend\\controllers\\inventoryController.js": {"path":"C:\\Users\\maris\\OneDrive\\Desktop\\sweetshop\\sweetshop-backend\\controllers\\inventoryController.js","statementMap":{"0":{"start":{"line":4,"column":29},"end":{"line":37,"column":1}},"1":{"start":{"line":5,"column":17},"end":{"line":5,"column":27}},"2":{"start":{"line":6,"column":23},"end":{"line":6,"column":31}},"3":{"start":{"line":8,"column":2},"end":{"line":10,"column":3}},"4":{"start":{"line":9,"column":4},"end":{"line":9,"column":78}},"5":{"start":{"line":12,"column":2},"end":{"line":36,"column":3}},"6":{"start":{"line":13,"column":21},"end":{"line":13,"column":52}},"7":{"start":{"line":14,"column":21},"end":{"line":14,"column":41}},"8":{"start":{"line":16,"column":4},"end":{"line":18,"column":5}},"9":{"start":{"line":17,"column":6},"end":{"line":17,"column":64}},"10":{"start":{"line":20,"column":28},"end":{"line":20,"column":52}},"11":{"start":{"line":21,"column":4},"end":{"line":23,"column":5}},"12":{"start":{"line":22,"column":6},"end":{"line":22,"column":67}},"13":{"start":{"line":25,"column":4},"end":{"line":27,"column":7}},"14":{"start":{"line":29,"column":4},"end":{"line":33,"column":7}},"15":{"start":{"line":35,"column":4},"end":{"line":35,"column":51}},"16":{"start":{"line":40,"column":28},"end":{"line":70,"column":1}},"17":{"start":{"line":41,"column":17},"end":{"line":41,"column":27}},"18":{"start":{"line":42,"column":23},"end":{"line":42,"column":31}},"19":{"start":{"line":44,"column":2},"end":{"line":46,"column":3}},"20":{"start":{"line":45,"column":4},"end":{"line":45,"column":78}},"21":{"start":{"line":48,"column":2},"end":{"line":69,"column":3}},"22":{"start":{"line":49,"column":21},"end":{"line":49,"column":52}},"23":{"start":{"line":50,"column":21},"end":{"line":50,"column":41}},"24":{"start":{"line":52,"column":4},"end":{"line":54,"column":5}},"25":{"start":{"line":53,"column":6},"end":{"line":53,"column":64}},"26":{"start":{"line":56,"column":28},"end":{"line":56,"column":52}},"27":{"start":{"line":58,"column":4},"end":{"line":60,"column":7}},"28":{"start":{"line":62,"column":4},"end":{"line":66,"column":7}},"29":{"start":{"line":68,"column":4},"end":{"line":68,"column":51}},"30":{"start":{"line":76,"column":28},"end":{"line":103,"column":1}},"31":{"start":{"line":77,"column":2},"end":{"line":102,"column":3}},"32":{"start":{"line":78,"column":16},"end":{"line":78,"column":39}},"33":{"start":{"line":81,"column":4},"end":{"line":83,"column":5}},"34":{"start":{"line":82,"column":6},"end":{"line":82,"column":64}},"35":{"start":{"line":85,"column":21},"end":{"line":85,"column":38}},"36":{"start":{"line":86,"column":22},"end":{"line":86,"column":24}},"37":{"start":{"line":88,"column":4},"end":{"line":93,"column":7}},"38":{"start":{"line":89,"column":6},"end":{"line":92,"column":9}},"39":{"start":{"line":95,"column":4},"end":{"line":98,"column":7}},"40":{"start":{"line":100,"column":4},"end":{"line":100,"column":53}},"41":{"start":{"line":101,"column":4},"end":{"line":101,"column":61}},"42":{"start":{"line":106,"column":31},"end":{"line":137,"column":1}},"43":{"start":{"line":107,"column":17},"end":{"line":107,"column":27}},"44":{"start":{"line":108,"column":30},"end":{"line":108,"column":38}},"45":{"start":{"line":110,"column":2},"end":{"line":114,"column":3}},"46":{"start":{"line":111,"column":4},"end":{"line":113,"column":7}},"47":{"start":{"line":116,"column":2},"end":{"line":136,"column":3}},"48":{"start":{"line":117,"column":21},"end":{"line":117,"column":52}},"49":{"start":{"line":118,"column":16},"end":{"line":118,"column":36}},"50":{"start":{"line":120,"column":4},"end":{"line":122,"column":5}},"51":{"start":{"line":121,"column":6},"end":{"line":121,"column":64}},"52":{"start":{"line":124,"column":23},"end":{"line":124,"column":50}},"53":{"start":{"line":125,"column":4},"end":{"line":125,"column":63}},"54":{"start":{"line":125,"column":32},"end":{"line":125,"column":63}},"55":{"start":{"line":126,"column":4},"end":{"line":126,"column":54}},"56":{"start":{"line":126,"column":29},"end":{"line":126,"column":54}},"57":{"start":{"line":128,"column":4},"end":{"line":128,"column":38}},"58":{"start":{"line":130,"column":4},"end":{"line":132,"column":7}},"59":{"start":{"line":134,"column":4},"end":{"line":134,"column":54}},"60":{"start":{"line":135,"column":4},"end":{"line":135,"column":61}}},"fnMap":{"0":{"name":"(anonymous_0)","decl":{"start":{"line":4,"column":29},"end":{"line":4,"column":30}},"loc":{"start":{"line":4,"column":49},"end":{"line":37,"column":1}},"line":4},"1":{"name":"(anonymous_1)","decl":{"start":{"line":40,"column":28},"end":{"line":40,"column":29}},"loc":{"start":{"line":40,"column":48},"end":{"line":70,"column":1}},"line":40},"2":{"name":"(anonymous_2)","decl":{"start":{"line":76,"column":28},"end":{"line":76,"column":29}},"loc":{"start":{"line":76,"column":48},"end":{"line":103,"column":1}},"line":76},"3":{"name":"(anonymous_3)","decl":{"start":{"line":88,"column":21},"end":{"line":88,"column":22}},"loc":{"start":{"line":88,"column":28},"end":{"line":93,"column":5}},"line":88},"4":{"name":"(anonymous_4)","decl":{"start":{"line":106,"column":31},"end":{"line":106,"column":32}},"loc":{"start":{"line":106,"column":51},"end":{"line":137,"column":1}},"line":106}},"branchMap":{"0":{"loc":{"start":{"line":8,"column":2},"end":{"line":10,"column":3}},"type":"if","locations":[{"start":{"line":8,"column":2},"end":{"line":10,"column":3}},{"start":{},"end":{}}],"line":8},"1":{"loc":{"start":{"line":8,"column":6},"end":{"line":8,"column":32}},"type":"binary-expr","locations":[{"start":{"line":8,"column":6},"end":{"line":8,"column":15}},{"start":{"line":8,"column":19},"end":{"line":8,"column":32}}],"line":8},"2":{"loc":{"start":{"line":16,"column":4},"end":{"line":18,"column":5}},"type":"if","locations":[{"start":{"line":16,"column":4},"end":{"line":18,"column":5}},{"start":{},"end":{}}],"line":16},"3":{"loc":{"start":{"line":21,"column":4},"end":{"line":23,"column":5}},"type":"if","locations":[{"start":{"line":21,"column":4},"end":{"line":23,"column":5}},{"start":{},"end":{}}],"line":21},"4":{"loc":{"start":{"line":44,"column":2},"end":{"line":46,"column":3}},"type":"if","locations":[{"start":{"line":44,"column":2},"end":{"line":46,"column":3}},{"start":{},"end":{}}],"line":44},"5":{"loc":{"start":{"line":44,"column":6},"end":{"line":44,"column":32}},"type":"binary-expr","locations":[{"start":{"line":44,"column":6},"end":{"line":44,"column":15}},{"start":{"line":44,"column":19},"end":{"line":44,"column":32}}],"line":44},"6":{"loc":{"start":{"line":52,"column":4},"end":{"line":54,"column":5}},"type":"if","locations":[{"start":{"line":52,"column":4},"end":{"line":54,"column":5}},{"start":{},"end":{}}],"line":52},"7":{"loc":{"start":{"line":81,"column":4},"end":{"line":83,"column":5}},"type":"if","locations":[{"start":{"line":81,"column":4},"end":{"line":83,"column":5}},{"start":{},"end":{}}],"line":81},"8":{"loc":{"start":{"line":110,"column":2},"end":{"line":114,"column":3}},"type":"if","locations":[{"start":{"line":110,"column":2},"end":{"line":114,"column":3}},{"start":{},"end":{}}],"line":110},"9":{"loc":{"start":{"line":110,"column":6},"end":{"line":110,"column":44}},"type":"binary-expr","locations":[{"start":{"line":110,"column":6},"end":{"line":110,"column":28}},{"start":{"line":110,"column":32},"end":{"line":110,"column":44}}],"line":110},"10":{"loc":{"start":{"line":120,"column":4},"end":{"line":122,"column":5}},"type":"if","locations":[{"start":{"line":120,"column":4},"end":{"line":122,"column":5}},{"start":{},"end":{}}],"line":120},"11":{"loc":{"start":{"line":125,"column":4},"end":{"line":125,"column":63}},"type":"if","locations":[{"start":{"line":125,"column":4},"end":{"line":125,"column":63}},{"start":{},"end":{}}],"line":125},"12":{"loc":{"start":{"line":126,"column":4},"end":{"line":126,"column":54}},"type":"if","locations":[{"start":{"line":126,"column":4},"end":{"line":126,"column":54}},{"start":{},"end":{}}],"line":126}},"s":{"0":1,"1":0,"2":0,"3":0,"4":0,"5":0,"6":0,"7":0,"8":0,"9":0,"10":0,"11":0,"12":0,"13":0,"14":0,"15":0,"16":1,"17":0,"18":0,"19":0,"20":0,"21":0,"22":0,"23":0,"24":0,"25":0,"26":0,"27":0,"28":0,"29":0,"30":1,"31":3,"32":3,"33":3,"34":1,"35":3,"36":3,"37":3,"38":3,"39":3,"40":0,"41":0,"42":1,"43":3,"44":3,"45":3,"46":1,"47":2,"48":2,"49":2,"50":2,"51":1,"52":1,"53":1,"54":1,"55":1,"56":1,"57":1,"58":1,"59":0,"60":0},"f":{"0":0,"1":0,"2":3,"3":3,"4":3},"b":{"0":[0,0],"1":[0,0],"2":[0,0],"3":[0,0],"4":[0,0],"5":[0,0],"6":[0,0],"7":[1,2],"8":[1,2],"9":[3,3],"10":[1,1],"11":[1,0],"12":[1,0]},"_coverageSchema":"1a1c01bbd47fc00a2c39e90264f33305004495a9","hash":"bdcd5535e03acfad37dc8e291ce97e44048ae0a3"}
,"C:\\Users\\maris\\OneDrive\\Desktop\\sweetshop\\sweetshop-backend\\controllers\\sweetsController.js": {"path":"C:\\Users\\maris\\OneDrive\\Desktop\\sweetshop\\sweetshop-backend\\controllers\\sweetsController.js","statementMap":{"0":{"start":{"line":4,"column":24},"end":{"line":18,"column":1}},"1":{"start":{"line":5,"column":2},"end":{"line":17,"column":3}},"2":{"start":{"line":6,"column":21},"end":{"line":6,"column":63}},"3":{"start":{"line":7,"column":16},"end":{"line":7,"column":36}},"4":{"start":{"line":9,"column":4},"end":{"line":11,"column":5}},"5":{"start":{"line":10,"column":6},"end":{"line":10,"column":64}},"6":{"start":{"line":13,"column":4},"end":{"line":13,"column":63}},"7":{"start":{"line":15,"column":4},"end":{"line":15,"column":49}},"8":{"start":{"line":16,"column":4},"end":{"line":16,"column":68}},"9":{"start":{"line":21,"column":24},"end":{"line":46,"column":1}},"10":{"start":{"line":22,"column":66},"end":{"line":22,"column":74}},"11":{"start":{"line":24,"column":2},"end":{"line":26,"column":3}},"12":{"start":{"line":25,"column":4},"end":{"line":25,"column":95}},"13":{"start":{"line":28,"column":2},"end":{"line":45,"column":3}},"14":{"start":{"line":29,"column":19},"end":{"line":37,"column":6}},"15":{"start":{"line":39,"column":4},"end":{"line":42,"column":7}},"16":{"start":{"line":44,"column":4},"end":{"line":44,"column":51}},"17":{"start":{"line":49,"column":28},"end":{"line":65,"column":1}},"18":{"start":{"line":50,"column":2},"end":{"line":64,"column":3}},"19":{"start":{"line":51,"column":21},"end":{"line":51,"column":56}},"20":{"start":{"line":52,"column":19},"end":{"line":52,"column":21}},"21":{"start":{"line":54,"column":4},"end":{"line":59,"column":7}},"22":{"start":{"line":55,"column":6},"end":{"line":58,"column":9}},"23":{"start":{"line":61,"column":4},"end":{"line":61,"column":21}},"24":{"start":{"line":63,"column":4},"end":{"line":63,"column":51}},"25":{"start":{"line":68,"column":28},"end":{"line":102,"column":1}},"26":{"start":{"line":69,"column":49},"end":{"line":69,"column":58}},"27":{"start":{"line":71,"column":2},"end":{"line":101,"column":3}},"28":{"start":{"line":72,"column":16},"end":{"line":72,"column":39}},"29":{"start":{"line":74,"column":4},"end":{"line":81,"column":5}},"30":{"start":{"line":76,"column":23},"end":{"line":76,"column":40}},"31":{"start":{"line":77,"column":22},"end":{"line":79,"column":52}},"32":{"start":{"line":78,"column":23},"end":{"line":78,"column":81}},"33":{"start":{"line":79,"column":21},"end":{"line":79,"column":50}},"34":{"start":{"line":80,"column":6},"end":{"line":80,"column":31}},"35":{"start":{"line":83,"column":4},"end":{"line":85,"column":5}},"36":{"start":{"line":84,"column":6},"end":{"line":84,"column":54}},"37":{"start":{"line":87,"column":21},"end":{"line":87,"column":38}},"38":{"start":{"line":88,"column":18},"end":{"line":88,"column":75}},"39":{"start":{"line":88,"column":44},"end":{"line":88,"column":73}},"40":{"start":{"line":91,"column":4},"end":{"line":93,"column":5}},"41":{"start":{"line":92,"column":6},"end":{"line":92,"column":77}},"42":{"start":{"line":92,"column":40},"end":{"line":92,"column":75}},"43":{"start":{"line":94,"column":4},"end":{"line":96,"column":5}},"44":{"start":{"line":95,"column":6},"end":{"line":95,"column":77}},"45":{"start":{"line":95,"column":40},"end":{"line":95,"column":75}},"46":{"start":{"line":98,"column":4},"end":{"line":98,"column":22}},"47":{"start":{"line":100,"column":4},"end":{"line":100,"column":51}},"48":{"start":{"line":105,"column":27},"end":{"line":124,"column":1}},"49":{"start":{"line":106,"column":17},"end":{"line":106,"column":27}},"50":{"start":{"line":107,"column":66},"end":{"line":107,"column":74}},"51":{"start":{"line":109,"column":2},"end":{"line":123,"column":3}},"52":{"start":{"line":110,"column":23},"end":{"line":110,"column":25}},"53":{"start":{"line":111,"column":4},"end":{"line":111,"column":51}},"54":{"start":{"line":111,"column":28},"end":{"line":111,"column":51}},"55":{"start":{"line":112,"column":4},"end":{"line":112,"column":63}},"56":{"start":{"line":112,"column":32},"end":{"line":112,"column":63}},"57":{"start":{"line":113,"column":4},"end":{"line":113,"column":66}},"58":{"start":{"line":113,"column":29},"end":{"line":113,"column":66}},"59":{"start":{"line":114,"column":4},"end":{"line":114,"column":73}},"60":{"start":{"line":114,"column":32},"end":{"line":114,"column":73}},"61":{"start":{"line":115,"column":4},"end":{"line":115,"column":72}},"62":{"start":{"line":115,"column":35},"end":{"line":115,"column":72}},"63":{"start":{"line":116,"column":4},"end":{"line":116,"column":54}},"64":{"start":{"line":116,"column":29},"end":{"line":116,"column":54}},"65":{"start":{"line":118,"column":4},"end":{"line":118,"column":61}},"66":{"start":{"line":120,"column":4},"end":{"line":120,"column":60}},"67":{"start":{"line":122,"column":4},"end":{"line":122,"column":51}},"68":{"start":{"line":127,"column":27},"end":{"line":136,"column":1}},"69":{"start":{"line":128,"column":17},"end":{"line":128,"column":27}},"70":{"start":{"line":130,"column":2},"end":{"line":135,"column":3}},"71":{"start":{"line":131,"column":4},"end":{"line":131,"column":51}},"72":{"start":{"line":132,"column":4},"end":{"line":132,"column":60}},"73":{"start":{"line":134,"column":4},"end":{"line":134,"column":51}}},"fnMap":{"0":{"name":"(anonymous_0)","decl":{"start":{"line":4,"column":24},"end":{"line":4,"column":25}},"loc":{"start":{"line":4,"column":44},"end":{"line":18,"column":1}},"line":4},"1":{"name":"(anonymous_1)","decl":{"start":{"line":21,"column":24},"end":{"line":21,"column":25}},"loc":{"start":{"line":21,"column":44},"end":{"line":46,"column":1}},"line":21},"2":{"name":"(anonymous_2)","decl":{"start":{"line":49,"column":28},"end":{"line":49,"column":29}},"loc":{"start":{"line":49,"column":48},"end":{"line":65,"column":1}},"line":49},"3":{"name":"(anonymous_3)","decl":{"start":{"line":54,"column":21},"end":{"line":54,"column":22}},"loc":{"start":{"line":54,"column":28},"end":{"line":59,"column":5}},"line":54},"4":{"name":"(anonymous_4)","decl":{"start":{"line":68,"column":28},"end":{"line":68,"column":29}},"loc":{"start":{"line":68,"column":48},"end":{"line":102,"column":1}},"line":68},"5":{"name":"(anonymous_5)","decl":{"start":{"line":78,"column":16},"end":{"line":78,"column":17}},"loc":{"start":{"line":78,"column":23},"end":{"line":78,"column":81}},"line":78},"6":{"name":"(anonymous_6)","decl":{"start":{"line":79,"column":13},"end":{"line":79,"column":14}},"loc":{"start":{"line":79,"column":21},"end":{"line":79,"column":50}},"line":79},"7":{"name":"(anonymous_7)","decl":{"start":{"line":88,"column":36},"end":{"line":88,"column":37}},"loc":{"start":{"line":88,"column":44},"end":{"line":88,"column":73}},"line":88},"8":{"name":"(anonymous_8)","decl":{"start":{"line":92,"column":31},"end":{"line":92,"column":32}},"loc":{"start":{"line":92,"column":40},"end":{"line":92,"column":75}},"line":92},"9":{"name":"(anonymous_9)","decl":{"start":{"line":95,"column":31},"end":{"line":95,"column":32}},"loc":{"start":{"line":95,"column":40},"end":{"line":95,"column":75}},"line":95},"10":{"name":"(anonymous_10)","decl":{"start":{"line":105,"column":27},"end":{"line":105,"column":28}},"loc":{"start":{"line":105,"column":47},"end":{"line":124,"column":1}},"line":105},"11":{"name":"(anonymous_11)","decl":{"start":{"line":127,"column":27},"end":{"line":127,"column":28}},"loc":{"start":{"line":127,"column":47},"end":{"line":136,"column":1}},"line":127}},"branchMap":{"0":{"loc":{"start":{"line":9,"column":4},"end":{"line":11,"column":5}},"type":"if","locations":[{"start":{"line":9,"column":4},"end":{"line":11,"column":5}},{"start":{},"end":{}}],"line":9},"1":{"loc":{"start":{"line":24,"column":2},"end":{"line":26,"column":3}},"type":"if","locations":[{"start":{"line":24,"column":2},"end":{"line":26,"column":3}},{"start":{},"end":{}}],"line":24},"2":{"loc":{"start":{"line":24,"column":6},"end":{"line":24,"column":73}},"type":"binary-expr","locations":[{"start":{"line":24,"column":6},"end":{"line":24,"column":11}},{"start":{"line":24,"column":15},"end":{"line":24,"column":24}},{"start":{"line":24,"column":28},"end":{"line":24,"column":47}},{"start":{"line":24,"column":51},"end":{"line":24,"column":73}}],"line":24},"3":{"loc":{"start":{"line":34,"column":19},"end":{"line":34,"column":36}},"type":"binary-expr","locations":[{"start":{"line":34,"column":19},"end":{"line":34,"column":30}},{"start":{"line":34,"column":34},"end":{"line":34,"column":36}}],"line":34},"4":{"loc":{"start":{"line":35,"column":13},"end":{"line":35,"column":24}},"type":"binary-expr","locations":[{"start":{"line":35,"column":13},"end":{"line":35,"column":18}},{"start":{"line":35,"column":22},"end":{"line":35,"column":24}}],"line":35},"5":{"loc":{"start":{"line":74,"column":4},"end":{"line":81,"column":5}},"type":"if","locations":[{"start":{"line":74,"column":4},"end":{"line":81,"column":5}},{"start":{},"end":{}}],"line":74},"6":{"loc":{"start":{"line":83,"column":4},"end":{"line":85,"column":5}},"type":"if","locations":[{"start":{"line":83,"column":4},"end":{"line":85,"column":5}},{"start":{},"end":{}}],"line":83},"7":{"loc":{"start":{"line":91,"column":4},"end":{"line":93,"column":5}},"type":"if","locations":[{"start":{"line":91,"column":4},"end":{"line":93,"column":5}},{"start":{},"end":{}}],"line":91},"8":{"loc":{"start":{"line":94,"column":4},"end":{"line":96,"column":5}},"type":"if","locations":[{"start":{"line":94,"column":4},"end":{"line":96,"column":5}},{"start":{},"end":{}}],"line":94},"9":{"loc":{"start":{"line":111,"column":4},"end":{"line":111,"column":51}},"type":"if","locations":[{"start":{"line":111,"column":4},"end":{"line":111,"column":51}},{"start":{},"end":{}}],"line":111},"10":{"loc":{"start":{"line":112,"column":4},"end":{"line":112,"column":63}},"type":"if","locations":[{"start":{"line":112,"column":4},"end":{"line":112,"column":63}},{"start":{},"end":{}}],"line":112},"11":{"loc":{"start":{"line":113,"column":4},"end":{"line":113,"column":66}},"type":"if","locations":[{"start":{"line":113,"column":4},"end":{"line":113,"column":66}},{"start":{},"end":{}}],"line":113},"12":{"loc":{"start":{"line":114,"column":4},"end":{"line":114,"column":73}},"type":"if","locations":[{"start":{"line":114,"column":4},"end":{"line":114,"column":73}},{"start":{},"end":{}}],"line":114},"13":{"loc":{"start":{"line":115,"column":4},"end":{"line":115,"column":72}},"type":"if","locations":[{"start":{"line":115,"column":4},"end":{"line":115,"column":72}},{"start":{},"end":{}}],"line":115},"14":{"loc":{"start":{"line":116,"column":4},"end":{"line":116,"column":54}},"type":"if","locations":[{"start":{"line":116,"column":4},"end":{"line":116,"column":54}},{"start":{},"end":{}}],"line":116}},"s":{"0":1,"1":2,"2":2,"3":2,"4":2,"5":1,"6":1,"7":0,"8":0,"9":1,"10":0,"11":0,"12":0,"13":0,"14":0,"15":0,"16":0,"17":1,"18":0,"19":0,"20":0,"21":0,"22":0,"23":0,"24":0,"25":1,"26":0,"27":0,"28":0,"29":0,"30":0,"31":0,"32":0,"33":0,"34":0,"35":0,"36":0,"37":0,"38":0,"39":0,"40":0,"41":0,"42":0,"43":0,"44":0,"45":0,"46":0,"47":0,"48":1,"49":0,"50":0,"51":0,"52":0,"53":0,"54":0,"55":0,"56":0,"57":0,"58":0,"59":0,"60":0,"61":0,"62":0,"63":0,"64":0,"65":0,"66":0,"67":0,"68":1,"69":0,"70":0,"71":0,"72":0,"73":0},"f":{"0":2,"1":0,"2":0,"3":0,"4":0,"5":0,"6":0,"7":0,"8":0,"9":0,"10":0,"11":0},"b":{"0":[1,1],"1":[0,0],"2":[0,0,0,0],"3":[0,0],"4":[0,0],"5":[0,0],"6":[0,0],"7":[0,0],"8":[0,0],"9":[0,0],"10":[0,0],"11":[0,0],"12":[0,0],"13":[0,0],"14":[0,0]},"_coverageSchema":"1a1c01bbd47fc00a2c39e90264f33305004495a9","hash":"e042b662001e29fd24c344a4b6ef379d01464b10"}
}
