TN:
SF:controllers\inventoryController.js
FN:4,(anonymous_0)
FN:40,(anonymous_1)
FN:76,(anonymous_2)
FN:88,(anonymous_3)
FN:106,(anonymous_4)
FNF:5
FNH:3
FNDA:0,(anonymous_0)
FNDA:0,(anonymous_1)
FNDA:3,(anonymous_2)
FNDA:3,(anonymous_3)
FNDA:3,(anonymous_4)
DA:4,1
DA:5,0
DA:6,0
DA:8,0
DA:9,0
DA:12,0
DA:13,0
DA:14,0
DA:16,0
DA:17,0
DA:20,0
DA:21,0
DA:22,0
DA:25,0
DA:29,0
DA:35,0
DA:40,1
DA:41,0
DA:42,0
DA:44,0
DA:45,0
DA:48,0
DA:49,0
DA:50,0
DA:52,0
DA:53,0
DA:56,0
DA:58,0
DA:62,0
DA:68,0
DA:76,1
DA:77,3
DA:78,3
DA:81,3
DA:82,1
DA:85,3
DA:86,3
DA:88,3
DA:89,3
DA:95,3
DA:100,0
DA:101,0
DA:106,1
DA:107,3
DA:108,3
DA:110,3
DA:111,1
DA:116,2
DA:117,2
DA:118,2
DA:120,2
DA:121,1
DA:124,1
DA:125,1
DA:126,1
DA:128,1
DA:130,1
DA:134,0
DA:135,0
LF:59
LH:27
BRDA:8,0,0,0
BRDA:8,0,1,0
BRDA:8,1,0,0
BRDA:8,1,1,0
BRDA:16,2,0,0
BRDA:16,2,1,0
BRDA:21,3,0,0
BRDA:21,3,1,0
BRDA:44,4,0,0
BRDA:44,4,1,0
BRDA:44,5,0,0
BRDA:44,5,1,0
BRDA:52,6,0,0
BRDA:52,6,1,0
BRDA:81,7,0,1
BRDA:81,7,1,2
BRDA:110,8,0,1
BRDA:110,8,1,2
BRDA:110,9,0,3
BRDA:110,9,1,3
BRDA:120,10,0,1
BRDA:120,10,1,1
BRDA:125,11,0,1
BRDA:125,11,1,0
BRDA:126,12,0,1
BRDA:126,12,1,0
BRF:26
BRH:10
end_of_record
TN:
SF:controllers\sweetsController.js
FN:4,(anonymous_0)
FN:21,(anonymous_1)
FN:49,(anonymous_2)
FN:54,(anonymous_3)
FN:68,(anonymous_4)
FN:78,(anonymous_5)
FN:79,(anonymous_6)
FN:88,(anonymous_7)
FN:92,(anonymous_8)
FN:95,(anonymous_9)
FN:105,(anonymous_10)
FN:127,(anonymous_11)
FNF:12
FNH:1
FNDA:2,(anonymous_0)
FNDA:0,(anonymous_1)
FNDA:0,(anonymous_2)
FNDA:0,(anonymous_3)
FNDA:0,(anonymous_4)
FNDA:0,(anonymous_5)
FNDA:0,(anonymous_6)
FNDA:0,(anonymous_7)
FNDA:0,(anonymous_8)
FNDA:0,(anonymous_9)
FNDA:0,(anonymous_10)
FNDA:0,(anonymous_11)
DA:4,1
DA:5,2
DA:6,2
DA:7,2
DA:9,2
DA:10,1
DA:13,1
DA:15,0
DA:16,0
DA:21,1
DA:22,0
DA:24,0
DA:25,0
DA:28,0
DA:29,0
DA:39,0
DA:44,0
DA:49,1
DA:50,0
DA:51,0
DA:52,0
DA:54,0
DA:55,0
DA:61,0
DA:63,0
DA:68,1
DA:69,0
DA:71,0
DA:72,0
DA:74,0
DA:76,0
DA:77,0
DA:78,0
DA:79,0
DA:80,0
DA:83,0
DA:84,0
DA:87,0
DA:88,0
DA:91,0
DA:92,0
DA:94,0
DA:95,0
DA:98,0
DA:100,0
DA:105,1
DA:106,0
DA:107,0
DA:109,0
DA:110,0
DA:111,0
DA:112,0
DA:113,0
DA:114,0
DA:115,0
DA:116,0
DA:118,0
DA:120,0
DA:122,0
DA:127,1
DA:128,0
DA:130,0
DA:131,0
DA:132,0
DA:134,0
LF:65
LH:12
BRDA:9,0,0,1
BRDA:9,0,1,1
BRDA:24,1,0,0
BRDA:24,1,1,0
BRDA:24,2,0,0
BRDA:24,2,1,0
BRDA:24,2,2,0
BRDA:24,2,3,0
BRDA:34,3,0,0
BRDA:34,3,1,0
BRDA:35,4,0,0
BRDA:35,4,1,0
BRDA:74,5,0,0
BRDA:74,5,1,0
BRDA:83,6,0,0
BRDA:83,6,1,0
BRDA:91,7,0,0
BRDA:91,7,1,0
BRDA:94,8,0,0
BRDA:94,8,1,0
BRDA:111,9,0,0
BRDA:111,9,1,0
BRDA:112,10,0,0
BRDA:112,10,1,0
BRDA:113,11,0,0
BRDA:113,11,1,0
BRDA:114,12,0,0
BRDA:114,12,1,0
BRDA:115,13,0,0
BRDA:115,13,1,0
BRDA:116,14,0,0
BRDA:116,14,1,0
BRF:32
BRH:2
end_of_record
